<?xml version="1.0" encoding="UTF-8"?>
<!-- Generated by org.testng.reporters.JUnitReportReporter -->
<testsuite hostname="VAPW10000000164" name="com.poc.test.TestNG.Test_BusSearch" tests="3" failures="0" timestamp="28 Jun 2016 09:14:50 GMT" time="92.278" errors="0">
  <testcase name="testvalidSearch" time="21.741" classname="com.poc.test.TestNG.Test_BusSearch"/>
  <testcase name="testNotYetOpenSearch" time="51.890" classname="com.poc.test.TestNG.Test_BusSearch"/>
  <testcase name="testInvalidSearch" time="18.647" classname="com.poc.test.TestNG.Test_BusSearch"/>
</testsuite> <!-- com.poc.test.TestNG.Test_BusSearch -->
