<?xml version="1.0" encoding="UTF-8"?>
<!-- Generated by org.testng.reporters.JUnitReportReporter -->
<testsuite hostname="VAPW10000000164" name="com.poc.test.TestNG.RedBus_ResultAPI_Tests" tests="1" failures="0" timestamp="28 Jun 2016 09:14:50 GMT" time="0.560" errors="0">
  <testcase name="bus_Result_Filter_Provider_tests" time="0.560" classname="com.poc.test.TestNG.RedBus_ResultAPI_Tests"/>
</testsuite> <!-- com.poc.test.TestNG.RedBus_ResultAPI_Tests -->
