<?xml version="1.0" encoding="UTF-8"?>
<!-- Generated by org.testng.reporters.JUnitReportReporter -->
<testsuite hostname="VAPW10000000164" name="com.poc.test.TestNG.RedBus_SeatLayoutAPI_Tests" tests="2" failures="0" timestamp="28 Jun 2016 09:14:50 GMT" time="1.491" errors="0">
  <testcase name="testBusSeat_Available" time="0.382" classname="com.poc.test.TestNG.RedBus_SeatLayoutAPI_Tests"/>
  <testcase name="testBusSeat_Layout" time="1.109" classname="com.poc.test.TestNG.RedBus_SeatLayoutAPI_Tests"/>
</testsuite> <!-- com.poc.test.TestNG.RedBus_SeatLayoutAPI_Tests -->
