<?xml version="1.0" encoding="UTF-8"?>
<!-- Generated by org.testng.reporters.JUnitReportReporter -->
<testsuite hostname="VAPW10000000164" name="com.poc.test.TestNG.RedBus_SearchAPI_Tests" tests="3" failures="0" timestamp="28 Jun 2016 09:14:50 GMT" time="3.154" errors="0">
  <testcase name="busSearch_Invalid_tests" time="2.048" classname="com.poc.test.TestNG.RedBus_SearchAPI_Tests"/>
  <testcase name="busSearch_Valid_tests" time="0.634" classname="com.poc.test.TestNG.RedBus_SearchAPI_Tests"/>
  <testcase name="busSearch_NotYetOpenSearch_tests" time="0.472" classname="com.poc.test.TestNG.RedBus_SearchAPI_Tests"/>
</testsuite> <!-- com.poc.test.TestNG.RedBus_SearchAPI_Tests -->
