<?xml version="1.0" encoding="UTF-8"?>
<!-- Generated by org.testng.reporters.JUnitReportReporter -->
<testsuite hostname="VAPW10000000164" name="com.poc.test.TestNG.Test_BusBooking" tests="1" failures="0" timestamp="28 Jun 2016 09:14:50 GMT" time="51.361" errors="0">
  <testcase name="testBusBooking_CustomerData" time="51.361" classname="com.poc.test.TestNG.Test_BusBooking"/>
</testsuite> <!-- com.poc.test.TestNG.Test_BusBooking -->
