<?xml version="1.0" encoding="UTF-8"?>
<!-- Generated by org.testng.reporters.JUnitReportReporter -->
<testsuite hostname="HANSINI" name="com.poc.test.TestNG.RedBus_ServiceAPI_Tests" tests="1" failures="0" timestamp="19 Jun 2016 09:45:35 GMT" time="1.031" errors="0">
  <testcase name="busSearch_NotYetOpenSearch_tests" time="1.031" classname="com.poc.test.TestNG.RedBus_ServiceAPI_Tests"/>
</testsuite> <!-- com.poc.test.TestNG.RedBus_ServiceAPI_Tests -->
