<?xml version="1.0" encoding="UTF-8"?>
<!-- Generated by org.testng.reporters.JUnitReportReporter -->
<testsuite hostname="VAPW10000000164" name="com.poc.test.TestNG.Test_BusResult" tests="5" failures="0" timestamp="28 Jun 2016 09:14:50 GMT" time="100.556" errors="0">
  <testcase name="testBusResultFilterType" time="15.861" classname="com.poc.test.TestNG.Test_BusResult"/>
  <testcase name="testBusResulPreviousDay" time="16.676" classname="com.poc.test.TestNG.Test_BusResult"/>
  <testcase name="testBusResultFilterProvider" time="17.398" classname="com.poc.test.TestNG.Test_BusResult"/>
  <testcase name="testBusResulSeatView" time="32.033" classname="com.poc.test.TestNG.Test_BusResult"/>
  <testcase name="testBusResulNextDay" time="18.588" classname="com.poc.test.TestNG.Test_BusResult"/>
</testsuite> <!-- com.poc.test.TestNG.Test_BusResult -->
